[21713:3462114:0904/161733.302021:INFO:components/enterprise/browser/controller/chrome_browser_cloud_management_controller.cc:202] No machine level policy manager exists.
[21713:3462114:0904/161734.728239:INFO:CONSOLE:1] "route change", source: https://vswsonline.ap.gov.in/main.a475b6e146a90606.js (1)
[21713:3462114:0904/161734.728550:INFO:CONSOLE:1] "route [object Object]", source: https://vswsonline.ap.gov.in/main.a475b6e146a90606.js (1)
[21713:3462114:0904/161736.302775:INFO:CONSOLE:1] "10690231-VRO@apgsws.onmicrosoft.com", source: https://vswsonline.ap.gov.in/main.a475b6e146a90606.js (1)
[21713:3462114:0904/161736.324805:INFO:CONSOLE:1] "[object Object] responseData abi", source: https://vswsonline.ap.gov.in/main.a475b6e146a90606.js (1)
[21713:3462114:0904/161736.501852:INFO:CONSOLE:1] "[object Object]", source: https://vswsonline.ap.gov.in/main.a475b6e146a90606.js (1)
[21713:3462114:0904/161736.502264:INFO:CONSOLE:1] "[object Object]", source: https://vswsonline.ap.gov.in/main.a475b6e146a90606.js (1)
[21713:3462114:0904/161736.502293:INFO:CONSOLE:1] "[object Object]", source: https://vswsonline.ap.gov.in/main.a475b6e146a90606.js (1)
[21713:3462114:0904/161736.502304:INFO:CONSOLE:1] "[object Object] total response", source: https://vswsonline.ap.gov.in/main.a475b6e146a90606.js (1)
[21713:3462114:0904/161736.503967:INFO:CONSOLE:1] "this.certificateName for  FRC", source: https://vswsonline.ap.gov.in/main.a475b6e146a90606.js (1)
[21713:3462114:0904/161736.593364:INFO:CONSOLE:1] "[object Object] w7GQ4MCUxGJ44joGABnn7A== aadhar decrypt value respose data", source: https://vswsonline.ap.gov.in/main.a475b6e146a90606.js (1)
[21713:3462114:0904/161736.622510:INFO:CONSOLE:1] "[object Object] testt", source: https://vswsonline.ap.gov.in/main.a475b6e146a90606.js (1)
[21713:3462114:0904/161737.140742:INFO:CONSOLE:1] "1 available actions", source: https://vswsonline.ap.gov.in/main.a475b6e146a90606.js (1)
[21713:3462114:0904/161737.142254:INFO:CONSOLE:1] "undefined remarksReasonsOptions prepareActionButtons", source: https://vswsonline.ap.gov.in/main.a475b6e146a90606.js (1)
[21713:3462114:0904/161737.528763:INFO:CONSOLE:1] "route change", source: https://vswsonline.ap.gov.in/main.a475b6e146a90606.js (1)
[21713:3462114:0904/161737.528937:INFO:CONSOLE:1] "route [object Object]", source: https://vswsonline.ap.gov.in/main.a475b6e146a90606.js (1)
[21713:3462114:0904/161737.543874:INFO:CONSOLE:1] "[object Object] responseData abi", source: https://vswsonline.ap.gov.in/main.a475b6e146a90606.js (1)
[21713:3462114:0904/161737.761945:INFO:CONSOLE:1] "[object Object]", source: https://vswsonline.ap.gov.in/main.a475b6e146a90606.js (1)
[21713:3462114:0904/161737.762156:INFO:CONSOLE:1] "[object Object]", source: https://vswsonline.ap.gov.in/main.a475b6e146a90606.js (1)
[21713:3462114:0904/161737.762234:INFO:CONSOLE:1] "[object Object]", source: https://vswsonline.ap.gov.in/main.a475b6e146a90606.js (1)
[21713:3462114:0904/161737.762327:INFO:CONSOLE:1] "[object Object] total response", source: https://vswsonline.ap.gov.in/main.a475b6e146a90606.js (1)
[21713:3462114:0904/161737.764946:INFO:CONSOLE:1] "this.certificateName for  ", source: https://vswsonline.ap.gov.in/main.a475b6e146a90606.js (1)
[21713:3462114:0904/161737.850379:INFO:CONSOLE:1] "[object Object] YSSfakU9EL61quyM9apunw== aadhar decrypt value respose data", source: https://vswsonline.ap.gov.in/main.a475b6e146a90606.js (1)
[21713:3462114:0904/161737.860143:INFO:CONSOLE:1] "[object Object] testt", source: https://vswsonline.ap.gov.in/main.a475b6e146a90606.js (1)
[21713:3462114:0904/161738.197966:INFO:CONSOLE:1] "1 available actions", source: https://vswsonline.ap.gov.in/main.a475b6e146a90606.js (1)
[21713:3462114:0904/161738.198758:INFO:CONSOLE:1] "undefined remarksReasonsOptions prepareActionButtons", source: https://vswsonline.ap.gov.in/main.a475b6e146a90606.js (1)
[21713:3462163:0904/161738.390582:ERROR:google_apis/gcm/engine/registration_request.cc:291] Registration response error message: DEPRECATED_ENDPOINT
[21720:3462199:0904/161744.889382:WARNING:net/extras/sqlite/sqlite_persistent_store_backend_base.cc:176] Failed to post task from FlushAndNotifyInBackground@net/extras/sqlite/sqlite_persistent_store_backend_base.cc:226 to client_task_runner_.
[21720:3462199:0904/161744.889768:WARNING:net/extras/sqlite/sqlite_persistent_store_backend_base.cc:176] Failed to post task from FlushAndNotifyInBackground@net/extras/sqlite/sqlite_persistent_store_backend_base.cc:226 to client_task_runner_.
