[22807:6715883:0906/100516.203017:INFO:components/enterprise/browser/controller/chrome_browser_cloud_management_controller.cc:202] No machine level policy manager exists.
[22807:6715883:0906/100517.312314:INFO:CONSOLE:1] "route change", source: https://vswsonline.ap.gov.in/main.d80eb66144c14e25.js (1)
[22807:6715883:0906/100517.312402:INFO:CONSOLE:1] "route [object Object]", source: https://vswsonline.ap.gov.in/main.d80eb66144c14e25.js (1)
[22825:6716176:0906/100517.471642:ERROR:sandbox/mac/system_services.cc:31] SetApplicationIsDaemon: Error Domain=NSOSStatusErrorDomain Code=-50 "paramErr: error in user parameter list" (-50)
[22807:6715883:0906/100517.484368:INFO:CONSOLE:1] "[object Object] responseData abi", source: https://vswsonline.ap.gov.in/main.d80eb66144c14e25.js (1)
[22807:6715883:0906/100517.633176:INFO:CONSOLE:1] "681-RI@apgsws.onmicrosoft.com", source: https://vswsonline.ap.gov.in/main.d80eb66144c14e25.js (1)
[22807:6715883:0906/100518.715565:INFO:CONSOLE:1] "[object Object]", source: https://vswsonline.ap.gov.in/main.d80eb66144c14e25.js (1)
[22807:6715883:0906/100518.715755:INFO:CONSOLE:1] "[object Object]", source: https://vswsonline.ap.gov.in/main.d80eb66144c14e25.js (1)
[22807:6715883:0906/100518.715846:INFO:CONSOLE:1] "[object Object]", source: https://vswsonline.ap.gov.in/main.d80eb66144c14e25.js (1)
[22807:6715883:0906/100518.715912:INFO:CONSOLE:1] "[object Object] total response", source: https://vswsonline.ap.gov.in/main.d80eb66144c14e25.js (1)
[22807:6715883:0906/100518.718075:INFO:CONSOLE:1] "this.certificateName for  ", source: https://vswsonline.ap.gov.in/main.d80eb66144c14e25.js (1)
[22807:6715883:0906/100518.836223:INFO:CONSOLE:1] "[object Object] dL5ADUM0YEbm43LPNRIgFA== aadhar decrypt value respose data", source: https://vswsonline.ap.gov.in/main.d80eb66144c14e25.js (1)
[22807:6715883:0906/100518.909506:INFO:CONSOLE:1] "[object Object] testt", source: https://vswsonline.ap.gov.in/main.d80eb66144c14e25.js (1)
[22807:6715883:0906/100519.211202:INFO:CONSOLE:1] "1 available actions", source: https://vswsonline.ap.gov.in/main.d80eb66144c14e25.js (1)
[22807:6715883:0906/100519.212252:INFO:CONSOLE:1] "undefined remarksReasonsOptions prepareActionButtons", source: https://vswsonline.ap.gov.in/main.d80eb66144c14e25.js (1)
[22807:6715943:0906/100519.627930:ERROR:google_apis/gcm/engine/registration_request.cc:291] Registration response error message: DEPRECATED_ENDPOINT
[22807:6715883:0906/100522.697750:INFO:CONSOLE:1] "[object Object]", source: https://vswsonline.ap.gov.in/main.d80eb66144c14e25.js (1)
[22807:6715883:0906/100522.698123:INFO:CONSOLE:1] "[object Object]", source: https://vswsonline.ap.gov.in/main.d80eb66144c14e25.js (1)
[22807:6715883:0906/100522.698141:INFO:CONSOLE:1] "[object Object]", source: https://vswsonline.ap.gov.in/main.d80eb66144c14e25.js (1)
[22807:6715883:0906/100522.698152:INFO:CONSOLE:1] "[object Object] total response", source: https://vswsonline.ap.gov.in/main.d80eb66144c14e25.js (1)
[22807:6715883:0906/100522.700057:INFO:CONSOLE:1] "this.certificateName for  ", source: https://vswsonline.ap.gov.in/main.d80eb66144c14e25.js (1)
[22807:6715883:0906/100522.855414:INFO:CONSOLE:1] "[object Object] testt", source: https://vswsonline.ap.gov.in/main.d80eb66144c14e25.js (1)
[22807:6715883:0906/100522.895863:INFO:CONSOLE:1] "[object Object] +Zlj5JEcQOGdjUej2Zmkhw== aadhar decrypt value respose data", source: https://vswsonline.ap.gov.in/main.d80eb66144c14e25.js (1)
[22807:6715883:0906/100523.315470:INFO:CONSOLE:1] "1 available actions", source: https://vswsonline.ap.gov.in/main.d80eb66144c14e25.js (1)
[22807:6715883:0906/100523.315843:INFO:CONSOLE:1] "undefined remarksReasonsOptions prepareActionButtons", source: https://vswsonline.ap.gov.in/main.d80eb66144c14e25.js (1)
[22807:6715883:0906/100526.801895:INFO:CONSOLE:1] "[object Object] else", source: https://vswsonline.ap.gov.in/main.d80eb66144c14e25.js (1)
[22807:6715883:0906/100527.338775:INFO:CONSOLE:1] "null", source: https://vswsonline.ap.gov.in/main.d80eb66144c14e25.js (1)
[22807:6715883:0906/100529.525308:INFO:CONSOLE:1] "route change", source: https://vswsonline.ap.gov.in/main.d80eb66144c14e25.js (1)
[22807:6715883:0906/100529.525494:INFO:CONSOLE:1] "route [object Object]", source: https://vswsonline.ap.gov.in/main.d80eb66144c14e25.js (1)
[22807:6715883:0906/100529.567192:INFO:CONSOLE:1] "[object Object] responseData abi", source: https://vswsonline.ap.gov.in/main.d80eb66144c14e25.js (1)
[22807:6715883:0906/100530.021439:INFO:CONSOLE:1] "681-RI@apgsws.onmicrosoft.com", source: https://vswsonline.ap.gov.in/main.d80eb66144c14e25.js (1)
[22807:6715883:0906/100530.686868:INFO:CONSOLE:1] "[object Object]", source: https://vswsonline.ap.gov.in/main.d80eb66144c14e25.js (1)
[22807:6715883:0906/100530.687063:INFO:CONSOLE:1] "[object Object]", source: https://vswsonline.ap.gov.in/main.d80eb66144c14e25.js (1)
[22807:6715883:0906/100530.687147:INFO:CONSOLE:1] "[object Object]", source: https://vswsonline.ap.gov.in/main.d80eb66144c14e25.js (1)
[22807:6715883:0906/100530.687238:INFO:CONSOLE:1] "[object Object] total response", source: https://vswsonline.ap.gov.in/main.d80eb66144c14e25.js (1)
[22807:6715883:0906/100530.689221:INFO:CONSOLE:1] "this.certificateName for  ", source: https://vswsonline.ap.gov.in/main.d80eb66144c14e25.js (1)
[22807:6715883:0906/100530.755171:INFO:CONSOLE:1] "[object Object] dL5ADUM0YEbm43LPNRIgFA== aadhar decrypt value respose data", source: https://vswsonline.ap.gov.in/main.d80eb66144c14e25.js (1)
[22807:6715883:0906/100530.759808:INFO:CONSOLE:1] "[object Object] testt", source: https://vswsonline.ap.gov.in/main.d80eb66144c14e25.js (1)
[22807:6715883:0906/100531.060089:INFO:CONSOLE:1] "1 available actions", source: https://vswsonline.ap.gov.in/main.d80eb66144c14e25.js (1)
[22807:6715883:0906/100531.060675:INFO:CONSOLE:1] "undefined remarksReasonsOptions prepareActionButtons", source: https://vswsonline.ap.gov.in/main.d80eb66144c14e25.js (1)
[22807:6715943:0906/100548.193239:ERROR:google_apis/gcm/engine/registration_request.cc:291] Registration response error message: DEPRECATED_ENDPOINT
[22807:6715943:0906/100629.422673:ERROR:google_apis/gcm/engine/registration_request.cc:291] Registration response error message: DEPRECATED_ENDPOINT
[22807:6715883:0906/100641.687172:INFO:CONSOLE:1] "[object Object]", source: https://vswsonline.ap.gov.in/main.d80eb66144c14e25.js (1)
[22807:6715883:0906/100641.687427:INFO:CONSOLE:1] "[object Object]", source: https://vswsonline.ap.gov.in/main.d80eb66144c14e25.js (1)
[22807:6715883:0906/100641.687476:INFO:CONSOLE:1] "[object Object]", source: https://vswsonline.ap.gov.in/main.d80eb66144c14e25.js (1)
[22807:6715883:0906/100641.687536:INFO:CONSOLE:1] "[object Object] total response", source: https://vswsonline.ap.gov.in/main.d80eb66144c14e25.js (1)
[22807:6715883:0906/100641.690228:INFO:CONSOLE:1] "this.certificateName for  ", source: https://vswsonline.ap.gov.in/main.d80eb66144c14e25.js (1)
[22807:6715883:0906/100641.762934:INFO:CONSOLE:1] "[object Object] testt", source: https://vswsonline.ap.gov.in/main.d80eb66144c14e25.js (1)
[22807:6715883:0906/100641.780520:INFO:CONSOLE:1] "[object Object] yYG3wMHRF06sGCXzgYfXwg== aadhar decrypt value respose data", source: https://vswsonline.ap.gov.in/main.d80eb66144c14e25.js (1)
[22807:6715883:0906/100642.215062:INFO:CONSOLE:1] "1 available actions", source: https://vswsonline.ap.gov.in/main.d80eb66144c14e25.js (1)
[22807:6715883:0906/100642.215671:INFO:CONSOLE:1] "undefined remarksReasonsOptions prepareActionButtons", source: https://vswsonline.ap.gov.in/main.d80eb66144c14e25.js (1)
[22807:6715883:0906/100653.582297:INFO:CONSOLE:1] "ERROR [object DOMException]", source: https://vswsonline.ap.gov.in/main.d80eb66144c14e25.js (1)
[22807:6715883:0906/100703.738152:INFO:CONSOLE:1] "ERROR [object DOMException]", source: https://vswsonline.ap.gov.in/main.d80eb66144c14e25.js (1)
[22807:6715883:0906/100715.596264:INFO:CONSOLE:1] "ERROR [object DOMException]", source: https://vswsonline.ap.gov.in/main.d80eb66144c14e25.js (1)
[22807:6715883:0906/100720.822811:INFO:CONSOLE:1] "ERROR [object DOMException]", source: https://vswsonline.ap.gov.in/main.d80eb66144c14e25.js (1)
[22807:6715883:0906/100726.045617:INFO:CONSOLE:1] "ERROR [object DOMException]", source: https://vswsonline.ap.gov.in/main.d80eb66144c14e25.js (1)
[22807:6715883:0906/100731.264847:INFO:CONSOLE:1] "ERROR [object DOMException]", source: https://vswsonline.ap.gov.in/main.d80eb66144c14e25.js (1)
[22807:6715883:0906/100736.482212:INFO:CONSOLE:1] "ERROR [object DOMException]", source: https://vswsonline.ap.gov.in/main.d80eb66144c14e25.js (1)
[22807:6715883:0906/100741.723421:INFO:CONSOLE:1] "ERROR [object DOMException]", source: https://vswsonline.ap.gov.in/main.d80eb66144c14e25.js (1)
[22807:6715883:0906/100746.964137:INFO:CONSOLE:1] "ERROR [object DOMException]", source: https://vswsonline.ap.gov.in/main.d80eb66144c14e25.js (1)
[22807:6715883:0906/100752.198654:INFO:CONSOLE:1] "ERROR [object DOMException]", source: https://vswsonline.ap.gov.in/main.d80eb66144c14e25.js (1)
[22807:6715883:0906/100757.437726:INFO:CONSOLE:1] "ERROR [object DOMException]", source: https://vswsonline.ap.gov.in/main.d80eb66144c14e25.js (1)
[22807:6715943:0906/100757.609650:ERROR:google_apis/gcm/engine/registration_request.cc:291] Registration response error message: DEPRECATED_ENDPOINT
[22807:6715883:0906/100802.675377:INFO:CONSOLE:1] "ERROR [object DOMException]", source: https://vswsonline.ap.gov.in/main.d80eb66144c14e25.js (1)
[22807:6715883:0906/100807.909750:INFO:CONSOLE:1] "ERROR [object DOMException]", source: https://vswsonline.ap.gov.in/main.d80eb66144c14e25.js (1)
[22807:6715883:0906/100813.145142:INFO:CONSOLE:1] "ERROR [object DOMException]", source: https://vswsonline.ap.gov.in/main.d80eb66144c14e25.js (1)
[22807:6715883:0906/100818.386887:INFO:CONSOLE:1] "ERROR [object DOMException]", source: https://vswsonline.ap.gov.in/main.d80eb66144c14e25.js (1)
[22807:6715883:0906/100820.610967:INFO:CONSOLE:1] "[object Object]", source: https://vswsonline.ap.gov.in/main.d80eb66144c14e25.js (1)
[22807:6715883:0906/100820.611746:INFO:CONSOLE:1] "[object Object]", source: https://vswsonline.ap.gov.in/main.d80eb66144c14e25.js (1)
[22807:6715883:0906/100820.611816:INFO:CONSOLE:1] "[object Object]", source: https://vswsonline.ap.gov.in/main.d80eb66144c14e25.js (1)
[22807:6715883:0906/100820.611921:INFO:CONSOLE:1] "[object Object] total response", source: https://vswsonline.ap.gov.in/main.d80eb66144c14e25.js (1)
[22807:6715883:0906/100820.614907:INFO:CONSOLE:1] "this.certificateName for  ", source: https://vswsonline.ap.gov.in/main.d80eb66144c14e25.js (1)
[22807:6715883:0906/100820.688857:INFO:CONSOLE:1] "[object Object] testt", source: https://vswsonline.ap.gov.in/main.d80eb66144c14e25.js (1)
[22807:6715883:0906/100820.703964:INFO:CONSOLE:1] "[object Object] 79vyU7bg2zDIVatIypKr3g== aadhar decrypt value respose data", source: https://vswsonline.ap.gov.in/main.d80eb66144c14e25.js (1)
[22807:6715883:0906/100821.029002:INFO:CONSOLE:1] "1 available actions", source: https://vswsonline.ap.gov.in/main.d80eb66144c14e25.js (1)
[22807:6715883:0906/100821.029637:INFO:CONSOLE:1] "undefined remarksReasonsOptions prepareActionButtons", source: https://vswsonline.ap.gov.in/main.d80eb66144c14e25.js (1)
[22807:6715883:0906/100827.935650:INFO:CONSOLE:1] "route change", source: https://vswsonline.ap.gov.in/main.d80eb66144c14e25.js (1)
[22807:6715883:0906/100827.935908:INFO:CONSOLE:1] "route [object Object]", source: https://vswsonline.ap.gov.in/main.d80eb66144c14e25.js (1)
[22807:6715883:0906/100827.988788:INFO:CONSOLE:1] "[object Object] responseData abi", source: https://vswsonline.ap.gov.in/main.d80eb66144c14e25.js (1)
[22807:6715883:0906/100828.486475:INFO:CONSOLE:1] "681-RI@apgsws.onmicrosoft.com", source: https://vswsonline.ap.gov.in/main.d80eb66144c14e25.js (1)
[22807:6715883:0906/100828.986891:INFO:CONSOLE:1] "[object Object]", source: https://vswsonline.ap.gov.in/main.d80eb66144c14e25.js (1)
[22807:6715883:0906/100828.987062:INFO:CONSOLE:1] "[object Object]", source: https://vswsonline.ap.gov.in/main.d80eb66144c14e25.js (1)
[22807:6715883:0906/100828.987118:INFO:CONSOLE:1] "[object Object]", source: https://vswsonline.ap.gov.in/main.d80eb66144c14e25.js (1)
[22807:6715883:0906/100828.987216:INFO:CONSOLE:1] "[object Object] total response", source: https://vswsonline.ap.gov.in/main.d80eb66144c14e25.js (1)
[22807:6715883:0906/100828.989113:INFO:CONSOLE:1] "this.certificateName for  ", source: https://vswsonline.ap.gov.in/main.d80eb66144c14e25.js (1)
[22807:6715883:0906/100829.047664:INFO:CONSOLE:1] "[object Object] dL5ADUM0YEbm43LPNRIgFA== aadhar decrypt value respose data", source: https://vswsonline.ap.gov.in/main.d80eb66144c14e25.js (1)
[22807:6715883:0906/100829.068397:INFO:CONSOLE:1] "[object Object] testt", source: https://vswsonline.ap.gov.in/main.d80eb66144c14e25.js (1)
[22807:6715883:0906/100829.705935:INFO:CONSOLE:1] "1 available actions", source: https://vswsonline.ap.gov.in/main.d80eb66144c14e25.js (1)
[22807:6715883:0906/100829.706698:INFO:CONSOLE:1] "undefined remarksReasonsOptions prepareActionButtons", source: https://vswsonline.ap.gov.in/main.d80eb66144c14e25.js (1)
[22807:6715883:0906/101008.803150:INFO:CONSOLE:1] "[object Object]", source: https://vswsonline.ap.gov.in/main.d80eb66144c14e25.js (1)
[22807:6715883:0906/101008.803550:INFO:CONSOLE:1] "[object Object]", source: https://vswsonline.ap.gov.in/main.d80eb66144c14e25.js (1)
[22807:6715883:0906/101008.803571:INFO:CONSOLE:1] "[object Object]", source: https://vswsonline.ap.gov.in/main.d80eb66144c14e25.js (1)
[22807:6715883:0906/101008.803582:INFO:CONSOLE:1] "[object Object] total response", source: https://vswsonline.ap.gov.in/main.d80eb66144c14e25.js (1)
[22807:6715883:0906/101008.806291:INFO:CONSOLE:1] "this.certificateName for  ", source: https://vswsonline.ap.gov.in/main.d80eb66144c14e25.js (1)
[22807:6715883:0906/101008.927141:INFO:CONSOLE:1] "[object Object] 7KemdUrvURMWb5MK7kPjLQ== aadhar decrypt value respose data", source: https://vswsonline.ap.gov.in/main.d80eb66144c14e25.js (1)
[22807:6715883:0906/101015.336089:INFO:CONSOLE:1] "[object Object] testt", source: https://vswsonline.ap.gov.in/main.d80eb66144c14e25.js (1)
[22807:6715883:0906/101015.963375:INFO:CONSOLE:1] "1 available actions", source: https://vswsonline.ap.gov.in/main.d80eb66144c14e25.js (1)
[22807:6715883:0906/101015.964298:INFO:CONSOLE:1] "undefined remarksReasonsOptions prepareActionButtons", source: https://vswsonline.ap.gov.in/main.d80eb66144c14e25.js (1)
[22807:6715883:0906/101025.304695:INFO:CONSOLE:1] "route change", source: https://vswsonline.ap.gov.in/main.d80eb66144c14e25.js (1)
[22807:6715883:0906/101025.304871:INFO:CONSOLE:1] "route [object Object]", source: https://vswsonline.ap.gov.in/main.d80eb66144c14e25.js (1)
[22807:6715883:0906/101025.824513:INFO:CONSOLE:1] "[object Object] responseData abi", source: https://vswsonline.ap.gov.in/main.d80eb66144c14e25.js (1)
[22807:6715883:0906/101025.831680:INFO:CONSOLE:1] "681-RI@apgsws.onmicrosoft.com", source: https://vswsonline.ap.gov.in/main.d80eb66144c14e25.js (1)
[22807:6715883:0906/101026.520639:INFO:CONSOLE:1] "[object Object]", source: https://vswsonline.ap.gov.in/main.d80eb66144c14e25.js (1)
[22807:6715883:0906/101026.520846:INFO:CONSOLE:1] "[object Object]", source: https://vswsonline.ap.gov.in/main.d80eb66144c14e25.js (1)
[22807:6715883:0906/101026.520912:INFO:CONSOLE:1] "[object Object]", source: https://vswsonline.ap.gov.in/main.d80eb66144c14e25.js (1)
[22807:6715883:0906/101026.521007:INFO:CONSOLE:1] "[object Object] total response", source: https://vswsonline.ap.gov.in/main.d80eb66144c14e25.js (1)
[22807:6715883:0906/101026.523137:INFO:CONSOLE:1] "this.certificateName for  ", source: https://vswsonline.ap.gov.in/main.d80eb66144c14e25.js (1)
[22807:6715883:0906/101026.643470:INFO:CONSOLE:1] "[object Object] testt", source: https://vswsonline.ap.gov.in/main.d80eb66144c14e25.js (1)
[22807:6715883:0906/101026.671677:INFO:CONSOLE:1] "[object Object] dL5ADUM0YEbm43LPNRIgFA== aadhar decrypt value respose data", source: https://vswsonline.ap.gov.in/main.d80eb66144c14e25.js (1)
[22807:6715883:0906/101027.301768:INFO:CONSOLE:1] "1 available actions", source: https://vswsonline.ap.gov.in/main.d80eb66144c14e25.js (1)
[22807:6715883:0906/101027.302603:INFO:CONSOLE:1] "undefined remarksReasonsOptions prepareActionButtons", source: https://vswsonline.ap.gov.in/main.d80eb66144c14e25.js (1)
[22807:6715943:0906/101039.952230:ERROR:google_apis/gcm/engine/registration_request.cc:291] Registration response error message: DEPRECATED_ENDPOINT
[22807:6715883:0906/101442.704238:INFO:CONSOLE:1] "client side Error Code: undefined
Message: undefined", source: https://vswsonline.ap.gov.in/main.d80eb66144c14e25.js (1)
[22807:6715883:0906/101442.714693:INFO:CONSOLE:1] "client side Error Code: undefined
Message: undefined", source: https://vswsonline.ap.gov.in/main.d80eb66144c14e25.js (1)
[22807:6715883:0906/101501.098059:INFO:CONSOLE:1] "client side Error Code: undefined
Message: undefined", source: https://vswsonline.ap.gov.in/main.d80eb66144c14e25.js (1)
[22807:6715883:0906/101503.202982:INFO:CONSOLE:1] "client side Error Code: undefined
Message: undefined", source: https://vswsonline.ap.gov.in/main.d80eb66144c14e25.js (1)
[22807:6715883:0906/101506.374709:INFO:CONSOLE:1] "client side Error Code: undefined
Message: undefined", source: https://vswsonline.ap.gov.in/main.d80eb66144c14e25.js (1)
[22807:6715883:0906/101517.103687:INFO:CONSOLE:1] "[object Object]", source: https://vswsonline.ap.gov.in/main.d80eb66144c14e25.js (1)
[22807:6715883:0906/101517.103902:INFO:CONSOLE:1] "[object Object]", source: https://vswsonline.ap.gov.in/main.d80eb66144c14e25.js (1)
[22807:6715883:0906/101517.103966:INFO:CONSOLE:1] "[object Object]", source: https://vswsonline.ap.gov.in/main.d80eb66144c14e25.js (1)
[22807:6715883:0906/101517.104042:INFO:CONSOLE:1] "[object Object] total response", source: https://vswsonline.ap.gov.in/main.d80eb66144c14e25.js (1)
[22807:6715883:0906/101517.106408:INFO:CONSOLE:1] "this.certificateName for  ", source: https://vswsonline.ap.gov.in/main.d80eb66144c14e25.js (1)
[22807:6715883:0906/101517.174632:INFO:CONSOLE:1] "[object Object] testt", source: https://vswsonline.ap.gov.in/main.d80eb66144c14e25.js (1)
[22807:6715883:0906/101517.216113:INFO:CONSOLE:1] "[object Object] yoZntqlxKOb1J9aYjkge8A== aadhar decrypt value respose data", source: https://vswsonline.ap.gov.in/main.d80eb66144c14e25.js (1)
[22807:6715883:0906/101517.803346:INFO:CONSOLE:1] "1 available actions", source: https://vswsonline.ap.gov.in/main.d80eb66144c14e25.js (1)
[22807:6715883:0906/101517.804831:INFO:CONSOLE:1] "undefined remarksReasonsOptions prepareActionButtons", source: https://vswsonline.ap.gov.in/main.d80eb66144c14e25.js (1)
[22807:6715883:0906/101525.476057:INFO:CONSOLE:1] "[object Object] else", source: https://vswsonline.ap.gov.in/main.d80eb66144c14e25.js (1)
[22807:6715883:0906/101528.644936:INFO:CONSOLE:1] "route change", source: https://vswsonline.ap.gov.in/main.d80eb66144c14e25.js (1)
[22807:6715883:0906/101528.645190:INFO:CONSOLE:1] "route [object Object]", source: https://vswsonline.ap.gov.in/main.d80eb66144c14e25.js (1)
[22807:6715883:0906/101528.722426:INFO:CONSOLE:1] "[object Object] responseData abi", source: https://vswsonline.ap.gov.in/main.d80eb66144c14e25.js (1)
[22807:6715883:0906/101529.651000:INFO:CONSOLE:1] "681-RI@apgsws.onmicrosoft.com", source: https://vswsonline.ap.gov.in/main.d80eb66144c14e25.js (1)
[22807:6715883:0906/101529.807410:INFO:CONSOLE:1] "[object Object]", source: https://vswsonline.ap.gov.in/main.d80eb66144c14e25.js (1)
[22807:6715883:0906/101529.807588:INFO:CONSOLE:1] "[object Object]", source: https://vswsonline.ap.gov.in/main.d80eb66144c14e25.js (1)
[22807:6715883:0906/101529.807667:INFO:CONSOLE:1] "[object Object]", source: https://vswsonline.ap.gov.in/main.d80eb66144c14e25.js (1)
[22807:6715883:0906/101529.807740:INFO:CONSOLE:1] "[object Object] total response", source: https://vswsonline.ap.gov.in/main.d80eb66144c14e25.js (1)
[22807:6715883:0906/101529.809567:INFO:CONSOLE:1] "this.certificateName for  ", source: https://vswsonline.ap.gov.in/main.d80eb66144c14e25.js (1)
[22807:6715883:0906/101529.918830:INFO:CONSOLE:1] "[object Object] testt", source: https://vswsonline.ap.gov.in/main.d80eb66144c14e25.js (1)
[22807:6715883:0906/101529.929692:INFO:CONSOLE:1] "[object Object] dL5ADUM0YEbm43LPNRIgFA== aadhar decrypt value respose data", source: https://vswsonline.ap.gov.in/main.d80eb66144c14e25.js (1)
[22807:6715883:0906/101531.369055:INFO:CONSOLE:1] "1 available actions", source: https://vswsonline.ap.gov.in/main.d80eb66144c14e25.js (1)
[22807:6715883:0906/101531.369989:INFO:CONSOLE:1] "undefined remarksReasonsOptions prepareActionButtons", source: https://vswsonline.ap.gov.in/main.d80eb66144c14e25.js (1)
[22807:6715943:0906/101836.837127:ERROR:google_apis/gcm/engine/registration_request.cc:291] Registration response error message: DEPRECATED_ENDPOINT
[22807:6715883:0906/101919.845340:INFO:CONSOLE:1] "client side Error Code: undefined
Message: undefined", source: https://vswsonline.ap.gov.in/main.d80eb66144c14e25.js (1)
[22807:6715883:0906/101919.872633:INFO:CONSOLE:1] "client side Error Code: undefined
Message: undefined", source: https://vswsonline.ap.gov.in/main.d80eb66144c14e25.js (1)
[22807:6715883:0906/101919.915429:INFO:CONSOLE:1] "ERROR Error Code: undefined
Message: undefined", source: https://vswsonline.ap.gov.in/main.d80eb66144c14e25.js (1)
[22807:6715883:0906/102334.726849:INFO:CONSOLE:1] "[object Object]", source: https://vswsonline.ap.gov.in/main.d80eb66144c14e25.js (1)
[22807:6715883:0906/102334.727345:INFO:CONSOLE:1] "[object Object]", source: https://vswsonline.ap.gov.in/main.d80eb66144c14e25.js (1)
[22807:6715883:0906/102334.727368:INFO:CONSOLE:1] "[object Object]", source: https://vswsonline.ap.gov.in/main.d80eb66144c14e25.js (1)
[22807:6715883:0906/102334.727380:INFO:CONSOLE:1] "[object Object] total response", source: https://vswsonline.ap.gov.in/main.d80eb66144c14e25.js (1)
[22807:6715883:0906/102334.729476:INFO:CONSOLE:1] "this.certificateName for  ", source: https://vswsonline.ap.gov.in/main.d80eb66144c14e25.js (1)
[22807:6715883:0906/102334.826441:INFO:CONSOLE:1] "[object Object] IMvkuysSFoK86NOAVvrZMQ== aadhar decrypt value respose data", source: https://vswsonline.ap.gov.in/main.d80eb66144c14e25.js (1)
[22807:6715883:0906/102334.829974:INFO:CONSOLE:1] "[object Object] testt", source: https://vswsonline.ap.gov.in/main.d80eb66144c14e25.js (1)
[22807:6715883:0906/102335.167555:INFO:CONSOLE:1] "1 available actions", source: https://vswsonline.ap.gov.in/main.d80eb66144c14e25.js (1)
[22807:6715883:0906/102335.167913:INFO:CONSOLE:1] "undefined remarksReasonsOptions prepareActionButtons", source: https://vswsonline.ap.gov.in/main.d80eb66144c14e25.js (1)
[22807:6715883:0906/102344.045145:INFO:CONSOLE:1] "route change", source: https://vswsonline.ap.gov.in/main.d80eb66144c14e25.js (1)
[22807:6715883:0906/102344.045285:INFO:CONSOLE:1] "route [object Object]", source: https://vswsonline.ap.gov.in/main.d80eb66144c14e25.js (1)
[22807:6715883:0906/102344.086413:INFO:CONSOLE:1] "[object Object] responseData abi", source: https://vswsonline.ap.gov.in/main.d80eb66144c14e25.js (1)
[22807:6715883:0906/102344.584684:INFO:CONSOLE:1] "681-RI@apgsws.onmicrosoft.com", source: https://vswsonline.ap.gov.in/main.d80eb66144c14e25.js (1)
[22807:6715883:0906/102345.254981:INFO:CONSOLE:1] "[object Object]", source: https://vswsonline.ap.gov.in/main.d80eb66144c14e25.js (1)
[22807:6715883:0906/102345.255175:INFO:CONSOLE:1] "[object Object]", source: https://vswsonline.ap.gov.in/main.d80eb66144c14e25.js (1)
[22807:6715883:0906/102345.255245:INFO:CONSOLE:1] "[object Object]", source: https://vswsonline.ap.gov.in/main.d80eb66144c14e25.js (1)
[22807:6715883:0906/102345.255327:INFO:CONSOLE:1] "[object Object] total response", source: https://vswsonline.ap.gov.in/main.d80eb66144c14e25.js (1)
[22807:6715883:0906/102345.257235:INFO:CONSOLE:1] "this.certificateName for  ", source: https://vswsonline.ap.gov.in/main.d80eb66144c14e25.js (1)
[22807:6715883:0906/102345.317563:INFO:CONSOLE:1] "[object Object] testt", source: https://vswsonline.ap.gov.in/main.d80eb66144c14e25.js (1)
[22807:6715883:0906/102345.338191:INFO:CONSOLE:1] "[object Object] dL5ADUM0YEbm43LPNRIgFA== aadhar decrypt value respose data", source: https://vswsonline.ap.gov.in/main.d80eb66144c14e25.js (1)
[22807:6715883:0906/102345.867879:INFO:CONSOLE:1] "1 available actions", source: https://vswsonline.ap.gov.in/main.d80eb66144c14e25.js (1)
[22807:6715883:0906/102345.868268:INFO:CONSOLE:1] "undefined remarksReasonsOptions prepareActionButtons", source: https://vswsonline.ap.gov.in/main.d80eb66144c14e25.js (1)
